This is pdfTeX, Version 3.141592653-2.6-1.40.28 (TeX Live 2025) (preloaded format=pdflatex 2025.8.18)  22 AUG 2025 15:42
entering extended mode
 restricted \write18 enabled.
 file:line:error style messages enabled.
 %&-line parsing enabled.
**c:/Users/freddy/Documents/GitHub/Fred-Stock.github.io/pubdata/template/cv_template.tex
(c:/Users/freddy/Documents/GitHub/Fred-Stock.github.io/pubdata/template/cv_template.tex
LaTeX2e <2025-06-01> patch level 1
L3 programming layer <2025-08-13>
(c:/texlive/2025/texmf-dist/tex/latex/base/article.cls
Document Class: article 2025/01/22 v1.4n Standard LaTeX document class
(c:/texlive/2025/texmf-dist/tex/latex/base/size11.clo
File: size11.clo 2025/01/22 v1.4n Standard LaTeX file (size option)
)
\c@part=\count275
\c@section=\count276
\c@subsection=\count277
\c@subsubsection=\count278
\c@paragraph=\count279
\c@subparagraph=\count280
\c@figure=\count281
\c@table=\count282
\abovecaptionskip=\skip49
\belowcaptionskip=\skip50
\bibindent=\dimen148
) (c:/texlive/2025/texmf-dist/tex/latex/base/inputenc.sty
Package: inputenc 2024/02/08 v1.3d Input encoding file
\inpenc@prehook=\toks17
\inpenc@posthook=\toks18
) (c:/texlive/2025/texmf-dist/tex/latex/preprint/fullpage.sty
Package: fullpage 1999/02/23 1.1 (PWD)
\FP@margin=\skip51
) (c:/texlive/2025/texmf-dist/tex/latex/titlesec/titlesec.sty
Package: titlesec 2025/01/04 v2.17 Sectioning titles
\ttl@box=\box53
\beforetitleunit=\skip52
\aftertitleunit=\skip53
\ttl@plus=\dimen149
\ttl@minus=\dimen150
\ttl@toksa=\toks19
\titlewidth=\dimen151
\titlewidthlast=\dimen152
\titlewidthfirst=\dimen153
) (c:/texlive/2025/texmf-dist/tex/latex/graphics/color.sty
Package: color 2025/01/14 v1.3e Standard LaTeX Color (DPC)
 (c:/texlive/2025/texmf-dist/tex/latex/graphics-cfg/color.cfg
File: color.cfg 2016/01/02 v1.6 sample color configuration
)
Package color Info: Driver file: pdftex.def on input line 149.
 (c:/texlive/2025/texmf-dist/tex/latex/graphics-def/pdftex.def
File: pdftex.def 2024/04/13 v1.2c Graphics/color driver for pdftex
) (c:/texlive/2025/texmf-dist/tex/latex/graphics/dvipsnam.def
File: dvipsnam.def 2016/06/17 v3.0m Driver-dependent file (DPC,SPQR)
) (c:/texlive/2025/texmf-dist/tex/latex/graphics/mathcolor.ltx)) (c:/texlive/2025/texmf-dist/tex/latex/enumitem/enumitem.sty
Package: enumitem 2025/02/06 v3.11 Customized lists
\enitkv@toks@=\toks20
\labelindent=\skip54
\enit@outerparindent=\dimen154
\enit@toks=\toks21
\enit@inbox=\box54
\enit@count@id=\count283
\enitdp@description=\count284
) (c:/texlive/2025/texmf-dist/tex/latex/hyperref/hyperref.sty
Package: hyperref 2025-07-12 v7.01o Hypertext links for LaTeX
 (c:/texlive/2025/texmf-dist/tex/generic/iftex/iftex.sty
Package: iftex 2024/12/12 v1.0g TeX engine tests
) (c:/texlive/2025/texmf-dist/tex/latex/graphics/keyval.sty
Package: keyval 2022/05/29 v1.15 key=value parser (DPC)
\KV@toks@=\toks22
) (c:/texlive/2025/texmf-dist/tex/latex/kvsetkeys/kvsetkeys.sty
Package: kvsetkeys 2022-10-05 v1.19 Key value parser (HO)
) (c:/texlive/2025/texmf-dist/tex/generic/kvdefinekeys/kvdefinekeys.sty
Package: kvdefinekeys 2019-12-19 v1.6 Define keys (HO)
) (c:/texlive/2025/texmf-dist/tex/generic/pdfescape/pdfescape.sty
Package: pdfescape 2019/12/09 v1.15 Implements pdfTeX's escape features (HO)
 (c:/texlive/2025/texmf-dist/tex/generic/ltxcmds/ltxcmds.sty
Package: ltxcmds 2023-12-04 v1.26 LaTeX kernel commands for general use (HO)
) (c:/texlive/2025/texmf-dist/tex/generic/pdftexcmds/pdftexcmds.sty
Package: pdftexcmds 2020-06-27 v0.33 Utility functions of pdfTeX for LuaTeX (HO)
 (c:/texlive/2025/texmf-dist/tex/generic/infwarerr/infwarerr.sty
Package: infwarerr 2019/12/03 v1.5 Providing info/warning/error messages (HO)
)
Package pdftexcmds Info: \pdf@primitive is available.
Package pdftexcmds Info: \pdf@ifprimitive is available.
Package pdftexcmds Info: \pdfdraftmode found.
)) (c:/texlive/2025/texmf-dist/tex/latex/hycolor/hycolor.sty
Package: hycolor 2020-01-27 v1.10 Color options for hyperref/bookmark (HO)
) (c:/texlive/2025/texmf-dist/tex/latex/hyperref/nameref.sty
Package: nameref 2025-06-21 v2.57 Cross-referencing by name of section
 (c:/texlive/2025/texmf-dist/tex/latex/refcount/refcount.sty
Package: refcount 2019/12/15 v3.6 Data extraction from label references (HO)
) (c:/texlive/2025/texmf-dist/tex/generic/gettitlestring/gettitlestring.sty
Package: gettitlestring 2019/12/15 v1.6 Cleanup title references (HO)
 (c:/texlive/2025/texmf-dist/tex/latex/kvoptions/kvoptions.sty
Package: kvoptions 2022-06-15 v3.15 Key value format for package options (HO)
))
\c@section@level=\count285
) (c:/texlive/2025/texmf-dist/tex/latex/etoolbox/etoolbox.sty
Package: etoolbox 2025/02/11 v2.5l e-TeX tools for LaTeX (JAW)
\etb@tempcnta=\count286
) (c:/texlive/2025/texmf-dist/tex/generic/stringenc/stringenc.sty
Package: stringenc 2019/11/29 v1.12 Convert strings between diff. encodings (HO)
)
\@linkdim=\dimen155
\Hy@linkcounter=\count287
\Hy@pagecounter=\count288
 (c:/texlive/2025/texmf-dist/tex/latex/hyperref/pd1enc.def
File: pd1enc.def 2025-07-12 v7.01o Hyperref: PDFDocEncoding definition (HO)
Now handling font encoding PD1 ...
... no UTF-8 mapping file for font encoding PD1
) (c:/texlive/2025/texmf-dist/tex/generic/intcalc/intcalc.sty
Package: intcalc 2019/12/15 v1.3 Expandable calculations with integers (HO)
)
\Hy@SavedSpaceFactor=\count289
 (c:/texlive/2025/texmf-dist/tex/latex/hyperref/puenc.def
File: puenc.def 2025-07-12 v7.01o Hyperref: PDF Unicode definition (HO)
Now handling font encoding PU ...
... no UTF-8 mapping file for font encoding PU
)
Package hyperref Info: Hyper figures OFF on input line 4195.
Package hyperref Info: Link nesting OFF on input line 4200.
Package hyperref Info: Hyper index ON on input line 4203.
Package hyperref Info: Plain pages OFF on input line 4210.
Package hyperref Info: Backreferencing OFF on input line 4215.
Package hyperref Info: Implicit mode ON; LaTeX internals redefined.
Package hyperref Info: Bookmarks ON on input line 4462.
\c@Hy@tempcnt=\count290
 (c:/texlive/2025/texmf-dist/tex/latex/url/url.sty
\Urlmuskip=\muskip17
Package: url 2013/09/16  ver 3.4  Verb mode for urls, etc.
)
LaTeX Info: Redefining \url on input line 4801.
\XeTeXLinkMargin=\dimen156
 (c:/texlive/2025/texmf-dist/tex/generic/bitset/bitset.sty
Package: bitset 2019/12/09 v1.3 Handle bit-vector datatype (HO)
 (c:/texlive/2025/texmf-dist/tex/generic/bigintcalc/bigintcalc.sty
Package: bigintcalc 2019/12/15 v1.5 Expandable calculations on big integers (HO)
))
\Fld@menulength=\count291
\Field@Width=\dimen157
\Fld@charsize=\dimen158
Package hyperref Info: Hyper figures OFF on input line 6078.
Package hyperref Info: Link nesting OFF on input line 6083.
Package hyperref Info: Hyper index ON on input line 6086.
Package hyperref Info: backreferencing OFF on input line 6093.
Package hyperref Info: Link coloring OFF on input line 6098.
Package hyperref Info: Link coloring with OCG OFF on input line 6103.
Package hyperref Info: PDF/A mode OFF on input line 6108.
\Hy@abspage=\count292
\c@Item=\count293
\c@Hfootnote=\count294
)
Package hyperref Info: Driver: hpdftex.
 (c:/texlive/2025/texmf-dist/tex/latex/hyperref/hpdftex.def
File: hpdftex.def 2025-07-12 v7.01o Hyperref driver for pdfTeX
\Fld@listcount=\count295
\c@bookmark@seq@number=\count296
 (c:/texlive/2025/texmf-dist/tex/latex/rerunfilecheck/rerunfilecheck.sty
Package: rerunfilecheck 2025-06-21 v1.11 Rerun checks for auxiliary files (HO)
 (c:/texlive/2025/texmf-dist/tex/generic/uniquecounter/uniquecounter.sty
Package: uniquecounter 2019/12/15 v1.4 Provide unlimited unique counter (HO)
)
Package uniquecounter Info: New unique counter `rerunfilecheck' on input line 284.
)
\Hy@SectionHShift=\skip55
) (c:/texlive/2025/texmf-dist/tex/latex/fancyhdr/fancyhdr.sty
Package: fancyhdr 2025/02/07 v5.2 Extensive control of page headers and footers
\f@nch@headwidth=\skip56
\f@nch@offset@elh=\skip57
\f@nch@offset@erh=\skip58
\f@nch@offset@olh=\skip59
\f@nch@offset@orh=\skip60
\f@nch@offset@elf=\skip61
\f@nch@offset@erf=\skip62
\f@nch@offset@olf=\skip63
\f@nch@offset@orf=\skip64
\f@nch@height=\skip65
\f@nch@footalignment=\skip66
\f@nch@widthL=\skip67
\f@nch@widthC=\skip68
\f@nch@widthR=\skip69
\@temptokenb=\toks23
) (c:/texlive/2025/texmf-dist/tex/latex/amsfonts/amsfonts.sty
Package: amsfonts 2013/01/14 v3.01 Basic AMSFonts support
\@emptytoks=\toks24
\symAMSa=\mathgroup4
\symAMSb=\mathgroup5
LaTeX Font Info:    Redeclaring math symbol \hbar on input line 98.
LaTeX Font Info:    Overwriting math alphabet `\mathfrak' in version `bold'
(Font)                  U/euf/m/n --> U/euf/b/n on input line 106.
) (c:/texlive/2025/texmf-dist/tex/latex/fontawesome5/fontawesome5.sty (c:/texlive/2025/texmf-dist/tex/latex/l3kernel/expl3.sty
Package: expl3 2025-08-13 L3 programming layer (loader) 
 (c:/texlive/2025/texmf-dist/tex/latex/l3backend/l3backend-pdftex.def
File: l3backend-pdftex.def 2025-06-09 L3 backend support: PDF output (pdfTeX)
\l__color_backend_stack_int=\count297
))
Package: fontawesome5 2022/05/02 v5.15.4 Font Awesome 5
 (c:/texlive/2025/texmf-dist/tex/latex/l3packages/l3keys2e/l3keys2e.sty
Package: l3keys2e 2024-08-16 LaTeX2e option processing using LaTeX3 keys
) (c:/texlive/2025/texmf-dist/tex/latex/l3packages/xparse/xparse.sty
Package: xparse 2024-08-16 L3 Experimental document command parser
) (c:/texlive/2025/texmf-dist/tex/latex/fontawesome5/fontawesome5-generic-helper.sty
Package: fontawesome5-generic-helper 2022/05/02 v5.15.4 non-uTeX helper for fontawesome5
 (c:/texlive/2025/texmf-dist/tex/latex/fontawesome5/fontawesome5-mapping.def))) (c:/texlive/2025/texmf-dist/tex/latex/tools/tabularx.sty
Package: tabularx 2023/12/11 v2.12a `tabularx' package (DPC)
 (c:/texlive/2025/texmf-dist/tex/latex/tools/array.sty
Package: array 2025/06/08 v2.6j Tabular extension package (FMi)
\col@sep=\dimen159
\ar@mcellbox=\box55
\extrarowheight=\dimen160
\NC@list=\toks25
\extratabsurround=\skip70
\backup@length=\skip71
\ar@cellbox=\box56
)
\TX@col@width=\dimen161
\TX@old@table=\dimen162
\TX@old@col=\dimen163
\TX@target=\dimen164
\TX@delta=\dimen165
\TX@cols=\count298
\TX@ftn=\toks26
)

c:/Users/freddy/Documents/GitHub/Fred-Stock.github.io/pubdata/template/cv_template.tex:42: LaTeX Error: Missing \begin{document}.

See the LaTeX manual or LaTeX Companion for explanation.
Type  H <return>  for immediate help.
 ...                                              
                                                  
l.42 <
      % raw %>
You're in trouble here.  Try typing  <return>  to proceed.
If that doesn't work, type  X <return>  to quit.


c:/Users/freddy/Documents/GitHub/Fred-Stock.github.io/pubdata/template/cv_template.tex:113: LaTeX Error: Missing \begin{document}.

See the LaTeX manual or LaTeX Companion for explanation.
Type  H <return>  for immediate help.
 ...                                              
                                                  
l.113 <
       % endraw %>
You're in trouble here.  Try typing  <return>  to proceed.
If that doesn't work, type  X <return>  to quit.

No file cv_template.aux.
\openout1 = `cv_template.aux'.

LaTeX Font Info:    Checking defaults for OML/cmm/m/it on input line 128.
LaTeX Font Info:    ... okay on input line 128.
LaTeX Font Info:    Checking defaults for OMS/cmsy/m/n on input line 128.
LaTeX Font Info:    ... okay on input line 128.
LaTeX Font Info:    Checking defaults for OT1/cmr/m/n on input line 128.
LaTeX Font Info:    ... okay on input line 128.
LaTeX Font Info:    Checking defaults for T1/cmr/m/n on input line 128.
LaTeX Font Info:    ... okay on input line 128.
LaTeX Font Info:    Checking defaults for TS1/cmr/m/n on input line 128.
LaTeX Font Info:    ... okay on input line 128.
LaTeX Font Info:    Checking defaults for OMX/cmex/m/n on input line 128.
LaTeX Font Info:    ... okay on input line 128.
LaTeX Font Info:    Checking defaults for U/cmr/m/n on input line 128.
LaTeX Font Info:    ... okay on input line 128.
LaTeX Font Info:    Checking defaults for PD1/pdf/m/n on input line 128.
LaTeX Font Info:    ... okay on input line 128.
LaTeX Font Info:    Checking defaults for PU/pdf/m/n on input line 128.
LaTeX Font Info:    ... okay on input line 128.
(c:/texlive/2025/texmf-dist/tex/context/base/mkii/supp-pdf.mkii
[Loading MPS to PDF converter (version 2006.09.02).]
\scratchcounter=\count299
\scratchdimen=\dimen166
\scratchbox=\box57
\nofMPsegments=\count300
\nofMParguments=\count301
\everyMPshowfont=\toks27
\MPscratchCnt=\count302
\MPscratchDim=\dimen167
\MPnumerator=\count303
\makeMPintoPDFobject=\count304
\everyMPtoPDFconversion=\toks28
)
Package hyperref Info: Link coloring OFF on input line 128.
\@outlinefile=\write3
\openout3 = `cv_template.out'.

LaTeX Font Info:    Trying to load font information for U+msa on input line 135.
 (c:/texlive/2025/texmf-dist/tex/latex/amsfonts/umsa.fd
File: umsa.fd 2013/01/14 v3.01 AMS symbols A
)
LaTeX Font Info:    Trying to load font information for U+msb on input line 135.
 (c:/texlive/2025/texmf-dist/tex/latex/amsfonts/umsb.fd
File: umsb.fd 2013/01/14 v3.01 AMS symbols B
)

LaTeX Font Warning: Font shape `OT1/cmr/bx/sc' undefined
(Font)              using `OT1/cmr/bx/n' instead on input line 141.


c:/Users/freddy/Documents/GitHub/Fred-Stock.github.io/pubdata/template/cv_template.tex:148: LaTeX Error: Something's wrong--perhaps a missing \item.

See the LaTeX manual or LaTeX Companion for explanation.
Type  H <return>  for immediate help.
 ...                                              
                                                  
l.148     {}
            
Try typing  <return>  to proceed.
If that doesn't work, type  X <return>  to quit.

c:/Users/freddy/Documents/GitHub/Fred-Stock.github.io/pubdata/template/cv_template.tex:148: Missing $ inserted.
<inserted text> 
                $
l.148     {}
            
I've inserted a begin-math/end-math symbol since I think
you left one out. Proceed, with fingers crossed.

c:/Users/freddy/Documents/GitHub/Fred-Stock.github.io/pubdata/template/cv_template.tex:148: Extra }, or forgotten $.
<inserted text> ...2pt] {\small << p.job_title >>}
                                                   & {\small } \\ 
l.148     {}
            
I've deleted a group-closing symbol because it seems to be
spurious, as in `$x}$'. But perhaps the } is legitimate and
you forgot something else, as in `\hbox{$x}'. In such cases
the way to recover is to insert both the forgotten and the
deleted material, e.g., by typing `I$}'.

c:/Users/freddy/Documents/GitHub/Fred-Stock.github.io/pubdata/template/cv_template.tex:148: Missing } inserted.
<inserted text> 
                }
l.148     {}
            
I've put in what seems to be necessary to fix
the current column of the current alignment.
Try to go on, since this might almost work.

c:/Users/freddy/Documents/GitHub/Fred-Stock.github.io/pubdata/template/cv_template.tex:148: Extra }, or forgotten $.
<inserted text> }
                 
l.148     {}
            
I've deleted a group-closing symbol because it seems to be
spurious, as in `$x}$'. But perhaps the } is legitimate and
you forgot something else, as in `\hbox{$x}'. In such cases
the way to recover is to insert both the forgotten and the
deleted material, e.g., by typing `I$}'.

c:/Users/freddy/Documents/GitHub/Fred-Stock.github.io/pubdata/template/cv_template.tex:148: Missing } inserted.
<inserted text> 
                }
l.148     {}
            
I've put in what seems to be necessary to fix
the current column of the current alignment.
Try to go on, since this might almost work.

c:/Users/freddy/Documents/GitHub/Fred-Stock.github.io/pubdata/template/cv_template.tex:148: Extra }, or forgotten $.
<inserted text> }
                 
l.148     {}
            
I've deleted a group-closing symbol because it seems to be
spurious, as in `$x}$'. But perhaps the } is legitimate and
you forgot something else, as in `\hbox{$x}'. In such cases
the way to recover is to insert both the forgotten and the
deleted material, e.g., by typing `I$}'.

c:/Users/freddy/Documents/GitHub/Fred-Stock.github.io/pubdata/template/cv_template.tex:148: Missing } inserted.
<inserted text> 
                }
l.148     {}
            
I've put in what seems to be necessary to fix
the current column of the current alignment.
Try to go on, since this might almost work.

c:/Users/freddy/Documents/GitHub/Fred-Stock.github.io/pubdata/template/cv_template.tex:148: Extra }, or forgotten $.
<inserted text> }
                 
l.148     {}
            
I've deleted a group-closing symbol because it seems to be
spurious, as in `$x}$'. But perhaps the } is legitimate and
you forgot something else, as in `\hbox{$x}'. In such cases
the way to recover is to insert both the forgotten and the
deleted material, e.g., by typing `I$}'.

c:/Users/freddy/Documents/GitHub/Fred-Stock.github.io/pubdata/template/cv_template.tex:148: Missing } inserted.
<inserted text> 
                }
l.148     {}
            
I've put in what seems to be necessary to fix
the current column of the current alignment.
Try to go on, since this might almost work.

c:/Users/freddy/Documents/GitHub/Fred-Stock.github.io/pubdata/template/cv_template.tex:148: Extra }, or forgotten $.
<inserted text> }
                 
l.148     {}
            
I've deleted a group-closing symbol because it seems to be
spurious, as in `$x}$'. But perhaps the } is legitimate and
you forgot something else, as in `\hbox{$x}'. In such cases
the way to recover is to insert both the forgotten and the
deleted material, e.g., by typing `I$}'.

c:/Users/freddy/Documents/GitHub/Fred-Stock.github.io/pubdata/template/cv_template.tex:148: Missing } inserted.
<inserted text> 
                }
l.148     {}
            
I've put in what seems to be necessary to fix
the current column of the current alignment.
Try to go on, since this might almost work.

c:/Users/freddy/Documents/GitHub/Fred-Stock.github.io/pubdata/template/cv_template.tex:148: Extra }, or forgotten $.
<inserted text> }
                 
l.148     {}
            
I've deleted a group-closing symbol because it seems to be
spurious, as in `$x}$'. But perhaps the } is legitimate and
you forgot something else, as in `\hbox{$x}'. In such cases
the way to recover is to insert both the forgotten and the
deleted material, e.g., by typing `I$}'.

c:/Users/freddy/Documents/GitHub/Fred-Stock.github.io/pubdata/template/cv_template.tex:148: Missing } inserted.
<inserted text> 
                }
l.148     {}
            
I've put in what seems to be necessary to fix
the current column of the current alignment.
Try to go on, since this might almost work.

c:/Users/freddy/Documents/GitHub/Fred-Stock.github.io/pubdata/template/cv_template.tex:148: Extra }, or forgotten $.
<inserted text> }
                 
l.148     {}
            
I've deleted a group-closing symbol because it seems to be
spurious, as in `$x}$'. But perhaps the } is legitimate and
you forgot something else, as in `\hbox{$x}'. In such cases
the way to recover is to insert both the forgotten and the
deleted material, e.g., by typing `I$}'.

c:/Users/freddy/Documents/GitHub/Fred-Stock.github.io/pubdata/template/cv_template.tex:148: Missing } inserted.
<inserted text> 
                }
l.148     {}
            
I've put in what seems to be necessary to fix
the current column of the current alignment.
Try to go on, since this might almost work.

c:/Users/freddy/Documents/GitHub/Fred-Stock.github.io/pubdata/template/cv_template.tex:148: Extra }, or forgotten $.
<inserted text> }
                 
l.148     {}
            
I've deleted a group-closing symbol because it seems to be
spurious, as in `$x}$'. But perhaps the } is legitimate and
you forgot something else, as in `\hbox{$x}'. In such cases
the way to recover is to insert both the forgotten and the
deleted material, e.g., by typing `I$}'.

c:/Users/freddy/Documents/GitHub/Fred-Stock.github.io/pubdata/template/cv_template.tex:148: Missing } inserted.
<inserted text> 
                }
l.148     {}
            
I've put in what seems to be necessary to fix
the current column of the current alignment.
Try to go on, since this might almost work.

c:/Users/freddy/Documents/GitHub/Fred-Stock.github.io/pubdata/template/cv_template.tex:148: Extra }, or forgotten $.
<inserted text> }
                 
l.148     {}
            
I've deleted a group-closing symbol because it seems to be
spurious, as in `$x}$'. But perhaps the } is legitimate and
you forgot something else, as in `\hbox{$x}'. In such cases
the way to recover is to insert both the forgotten and the
deleted material, e.g., by typing `I$}'.

c:/Users/freddy/Documents/GitHub/Fred-Stock.github.io/pubdata/template/cv_template.tex:148: Missing } inserted.
<inserted text> 
                }
l.148     {}
            
I've put in what seems to be necessary to fix
the current column of the current alignment.
Try to go on, since this might almost work.

c:/Users/freddy/Documents/GitHub/Fred-Stock.github.io/pubdata/template/cv_template.tex:148: Extra }, or forgotten $.
<inserted text> }
                 
l.148     {}
            
I've deleted a group-closing symbol because it seems to be
spurious, as in `$x}$'. But perhaps the } is legitimate and
you forgot something else, as in `\hbox{$x}'. In such cases
the way to recover is to insert both the forgotten and the
deleted material, e.g., by typing `I$}'.

c:/Users/freddy/Documents/GitHub/Fred-Stock.github.io/pubdata/template/cv_template.tex:148: Missing } inserted.
<inserted text> 
                }
l.148     {}
            
I've put in what seems to be necessary to fix
the current column of the current alignment.
Try to go on, since this might almost work.

c:/Users/freddy/Documents/GitHub/Fred-Stock.github.io/pubdata/template/cv_template.tex:148: Extra }, or forgotten $.
<inserted text> }
                 
l.148     {}
            
I've deleted a group-closing symbol because it seems to be
spurious, as in `$x}$'. But perhaps the } is legitimate and
you forgot something else, as in `\hbox{$x}'. In such cases
the way to recover is to insert both the forgotten and the
deleted material, e.g., by typing `I$}'.

c:/Users/freddy/Documents/GitHub/Fred-Stock.github.io/pubdata/template/cv_template.tex:148: Missing } inserted.
<inserted text> 
                }
l.148     {}
            
I've put in what seems to be necessary to fix
the current column of the current alignment.
Try to go on, since this might almost work.

c:/Users/freddy/Documents/GitHub/Fred-Stock.github.io/pubdata/template/cv_template.tex:148: Extra }, or forgotten $.
<inserted text> }
                 
l.148     {}
            
I've deleted a group-closing symbol because it seems to be
spurious, as in `$x}$'. But perhaps the } is legitimate and
you forgot something else, as in `\hbox{$x}'. In such cases
the way to recover is to insert both the forgotten and the
deleted material, e.g., by typing `I$}'.

c:/Users/freddy/Documents/GitHub/Fred-Stock.github.io/pubdata/template/cv_template.tex:148: Missing } inserted.
<inserted text> 
                }
l.148     {}
            
I've put in what seems to be necessary to fix
the current column of the current alignment.
Try to go on, since this might almost work.

c:/Users/freddy/Documents/GitHub/Fred-Stock.github.io/pubdata/template/cv_template.tex:148: Extra }, or forgotten $.
<inserted text> }
                 
l.148     {}
            
I've deleted a group-closing symbol because it seems to be
spurious, as in `$x}$'. But perhaps the } is legitimate and
you forgot something else, as in `\hbox{$x}'. In such cases
the way to recover is to insert both the forgotten and the
deleted material, e.g., by typing `I$}'.

c:/Users/freddy/Documents/GitHub/Fred-Stock.github.io/pubdata/template/cv_template.tex:148: Missing } inserted.
<inserted text> 
                }
l.148     {}
            
I've put in what seems to be necessary to fix
the current column of the current alignment.
Try to go on, since this might almost work.

c:/Users/freddy/Documents/GitHub/Fred-Stock.github.io/pubdata/template/cv_template.tex:148: Extra }, or forgotten $.
<inserted text> }
                 
l.148     {}
            
I've deleted a group-closing symbol because it seems to be
spurious, as in `$x}$'. But perhaps the } is legitimate and
you forgot something else, as in `\hbox{$x}'. In such cases
the way to recover is to insert both the forgotten and the
deleted material, e.g., by typing `I$}'.

c:/Users/freddy/Documents/GitHub/Fred-Stock.github.io/pubdata/template/cv_template.tex:148: Missing } inserted.
<inserted text> 
                }
l.148     {}
            
I've put in what seems to be necessary to fix
the current column of the current alignment.
Try to go on, since this might almost work.

c:/Users/freddy/Documents/GitHub/Fred-Stock.github.io/pubdata/template/cv_template.tex:148: Extra }, or forgotten $.
<inserted text> }
                 
l.148     {}
            
I've deleted a group-closing symbol because it seems to be
spurious, as in `$x}$'. But perhaps the } is legitimate and
you forgot something else, as in `\hbox{$x}'. In such cases
the way to recover is to insert both the forgotten and the
deleted material, e.g., by typing `I$}'.

c:/Users/freddy/Documents/GitHub/Fred-Stock.github.io/pubdata/template/cv_template.tex:148: Missing } inserted.
<inserted text> 
                }
l.148     {}
            
I've put in what seems to be necessary to fix
the current column of the current alignment.
Try to go on, since this might almost work.

c:/Users/freddy/Documents/GitHub/Fred-Stock.github.io/pubdata/template/cv_template.tex:148: Extra }, or forgotten $.
<inserted text> }
                 
l.148     {}
            
I've deleted a group-closing symbol because it seems to be
spurious, as in `$x}$'. But perhaps the } is legitimate and
you forgot something else, as in `\hbox{$x}'. In such cases
the way to recover is to insert both the forgotten and the
deleted material, e.g., by typing `I$}'.

c:/Users/freddy/Documents/GitHub/Fred-Stock.github.io/pubdata/template/cv_template.tex:148: Missing } inserted.
<inserted text> 
                }
l.148     {}
            
I've put in what seems to be necessary to fix
the current column of the current alignment.
Try to go on, since this might almost work.

c:/Users/freddy/Documents/GitHub/Fred-Stock.github.io/pubdata/template/cv_template.tex:148: Extra }, or forgotten $.
<inserted text> }
                 
l.148     {}
            
I've deleted a group-closing symbol because it seems to be
spurious, as in `$x}$'. But perhaps the } is legitimate and
you forgot something else, as in `\hbox{$x}'. In such cases
the way to recover is to insert both the forgotten and the
deleted material, e.g., by typing `I$}'.

c:/Users/freddy/Documents/GitHub/Fred-Stock.github.io/pubdata/template/cv_template.tex:148: Missing } inserted.
<inserted text> 
                }
l.148     {}
            
I've put in what seems to be necessary to fix
the current column of the current alignment.
Try to go on, since this might almost work.

c:/Users/freddy/Documents/GitHub/Fred-Stock.github.io/pubdata/template/cv_template.tex:148: Extra }, or forgotten $.
<inserted text> }
                 
l.148     {}
            
I've deleted a group-closing symbol because it seems to be
spurious, as in `$x}$'. But perhaps the } is legitimate and
you forgot something else, as in `\hbox{$x}'. In such cases
the way to recover is to insert both the forgotten and the
deleted material, e.g., by typing `I$}'.

c:/Users/freddy/Documents/GitHub/Fred-Stock.github.io/pubdata/template/cv_template.tex:148: Missing } inserted.
<inserted text> 
                }
l.148     {}
            
I've put in what seems to be necessary to fix
the current column of the current alignment.
Try to go on, since this might almost work.

c:/Users/freddy/Documents/GitHub/Fred-Stock.github.io/pubdata/template/cv_template.tex:148: Extra }, or forgotten $.
<inserted text> }
                 
l.148     {}
            
I've deleted a group-closing symbol because it seems to be
spurious, as in `$x}$'. But perhaps the } is legitimate and
you forgot something else, as in `\hbox{$x}'. In such cases
the way to recover is to insert both the forgotten and the
deleted material, e.g., by typing `I$}'.

c:/Users/freddy/Documents/GitHub/Fred-Stock.github.io/pubdata/template/cv_template.tex:148: Missing } inserted.
<inserted text> 
                }
l.148     {}
            
I've put in what seems to be necessary to fix
the current column of the current alignment.
Try to go on, since this might almost work.

c:/Users/freddy/Documents/GitHub/Fred-Stock.github.io/pubdata/template/cv_template.tex:148: Extra }, or forgotten $.
<inserted text> }
                 
l.148     {}
            
I've deleted a group-closing symbol because it seems to be
spurious, as in `$x}$'. But perhaps the } is legitimate and
you forgot something else, as in `\hbox{$x}'. In such cases
the way to recover is to insert both the forgotten and the
deleted material, e.g., by typing `I$}'.

c:/Users/freddy/Documents/GitHub/Fred-Stock.github.io/pubdata/template/cv_template.tex:148: Missing } inserted.
<inserted text> 
                }
l.148     {}
            
I've put in what seems to be necessary to fix
the current column of the current alignment.
Try to go on, since this might almost work.

c:/Users/freddy/Documents/GitHub/Fred-Stock.github.io/pubdata/template/cv_template.tex:148: Extra }, or forgotten $.
<inserted text> }
                 
l.148     {}
            
I've deleted a group-closing symbol because it seems to be
spurious, as in `$x}$'. But perhaps the } is legitimate and
you forgot something else, as in `\hbox{$x}'. In such cases
the way to recover is to insert both the forgotten and the
deleted material, e.g., by typing `I$}'.

c:/Users/freddy/Documents/GitHub/Fred-Stock.github.io/pubdata/template/cv_template.tex:148: Missing } inserted.
<inserted text> 
                }
l.148     {}
            
I've put in what seems to be necessary to fix
the current column of the current alignment.
Try to go on, since this might almost work.

c:/Users/freddy/Documents/GitHub/Fred-Stock.github.io/pubdata/template/cv_template.tex:148: Extra }, or forgotten $.
<inserted text> }
                 
l.148     {}
            
I've deleted a group-closing symbol because it seems to be
spurious, as in `$x}$'. But perhaps the } is legitimate and
you forgot something else, as in `\hbox{$x}'. In such cases
the way to recover is to insert both the forgotten and the
deleted material, e.g., by typing `I$}'.

c:/Users/freddy/Documents/GitHub/Fred-Stock.github.io/pubdata/template/cv_template.tex:148: Missing } inserted.
<inserted text> 
                }
l.148     {}
            
I've put in what seems to be necessary to fix
the current column of the current alignment.
Try to go on, since this might almost work.

c:/Users/freddy/Documents/GitHub/Fred-Stock.github.io/pubdata/template/cv_template.tex:148: Extra }, or forgotten $.
<inserted text> }
                 
l.148     {}
            
I've deleted a group-closing symbol because it seems to be
spurious, as in `$x}$'. But perhaps the } is legitimate and
you forgot something else, as in `\hbox{$x}'. In such cases
the way to recover is to insert both the forgotten and the
deleted material, e.g., by typing `I$}'.

c:/Users/freddy/Documents/GitHub/Fred-Stock.github.io/pubdata/template/cv_template.tex:148: Missing } inserted.
<inserted text> 
                }
l.148     {}
            
I've put in what seems to be necessary to fix
the current column of the current alignment.
Try to go on, since this might almost work.

c:/Users/freddy/Documents/GitHub/Fred-Stock.github.io/pubdata/template/cv_template.tex:148: Extra }, or forgotten $.
<inserted text> }
                 
l.148     {}
            
I've deleted a group-closing symbol because it seems to be
spurious, as in `$x}$'. But perhaps the } is legitimate and
you forgot something else, as in `\hbox{$x}'. In such cases
the way to recover is to insert both the forgotten and the
deleted material, e.g., by typing `I$}'.

c:/Users/freddy/Documents/GitHub/Fred-Stock.github.io/pubdata/template/cv_template.tex:148: Missing } inserted.
<inserted text> 
                }
l.148     {}
            
I've put in what seems to be necessary to fix
the current column of the current alignment.
Try to go on, since this might almost work.

c:/Users/freddy/Documents/GitHub/Fred-Stock.github.io/pubdata/template/cv_template.tex:148: Extra }, or forgotten $.
<inserted text> }
                 
l.148     {}
            
I've deleted a group-closing symbol because it seems to be
spurious, as in `$x}$'. But perhaps the } is legitimate and
you forgot something else, as in `\hbox{$x}'. In such cases
the way to recover is to insert both the forgotten and the
deleted material, e.g., by typing `I$}'.

c:/Users/freddy/Documents/GitHub/Fred-Stock.github.io/pubdata/template/cv_template.tex:148: Missing } inserted.
<inserted text> 
                }
l.148     {}
            
I've put in what seems to be necessary to fix
the current column of the current alignment.
Try to go on, since this might almost work.

c:/Users/freddy/Documents/GitHub/Fred-Stock.github.io/pubdata/template/cv_template.tex:148: Extra }, or forgotten $.
<inserted text> }
                 
l.148     {}
            
I've deleted a group-closing symbol because it seems to be
spurious, as in `$x}$'. But perhaps the } is legitimate and
you forgot something else, as in `\hbox{$x}'. In such cases
the way to recover is to insert both the forgotten and the
deleted material, e.g., by typing `I$}'.

c:/Users/freddy/Documents/GitHub/Fred-Stock.github.io/pubdata/template/cv_template.tex:148: Missing } inserted.
<inserted text> 
                }
l.148     {}
            
I've put in what seems to be necessary to fix
the current column of the current alignment.
Try to go on, since this might almost work.

c:/Users/freddy/Documents/GitHub/Fred-Stock.github.io/pubdata/template/cv_template.tex:148: Extra }, or forgotten $.
<inserted text> }
                 
l.148     {}
            
I've deleted a group-closing symbol because it seems to be
spurious, as in `$x}$'. But perhaps the } is legitimate and
you forgot something else, as in `\hbox{$x}'. In such cases
the way to recover is to insert both the forgotten and the
deleted material, e.g., by typing `I$}'.

c:/Users/freddy/Documents/GitHub/Fred-Stock.github.io/pubdata/template/cv_template.tex:148: Missing } inserted.
<inserted text> 
                }
l.148     {}
            
I've put in what seems to be necessary to fix
the current column of the current alignment.
Try to go on, since this might almost work.

c:/Users/freddy/Documents/GitHub/Fred-Stock.github.io/pubdata/template/cv_template.tex:148: Extra }, or forgotten $.
<inserted text> }
                 
l.148     {}
            
I've deleted a group-closing symbol because it seems to be
spurious, as in `$x}$'. But perhaps the } is legitimate and
you forgot something else, as in `\hbox{$x}'. In such cases
the way to recover is to insert both the forgotten and the
deleted material, e.g., by typing `I$}'.

c:/Users/freddy/Documents/GitHub/Fred-Stock.github.io/pubdata/template/cv_template.tex:148: Missing } inserted.
<inserted text> 
                }
l.148     {}
            
I've put in what seems to be necessary to fix
the current column of the current alignment.
Try to go on, since this might almost work.

c:/Users/freddy/Documents/GitHub/Fred-Stock.github.io/pubdata/template/cv_template.tex:148: Extra }, or forgotten $.
<inserted text> }
                 
l.148     {}
            
I've deleted a group-closing symbol because it seems to be
spurious, as in `$x}$'. But perhaps the } is legitimate and
you forgot something else, as in `\hbox{$x}'. In such cases
the way to recover is to insert both the forgotten and the
deleted material, e.g., by typing `I$}'.

c:/Users/freddy/Documents/GitHub/Fred-Stock.github.io/pubdata/template/cv_template.tex:148: Missing } inserted.
<inserted text> 
                }
l.148     {}
            
I've put in what seems to be necessary to fix
the current column of the current alignment.
Try to go on, since this might almost work.

c:/Users/freddy/Documents/GitHub/Fred-Stock.github.io/pubdata/template/cv_template.tex:148: Extra }, or forgotten $.
<inserted text> }
                 
l.148     {}
            
I've deleted a group-closing symbol because it seems to be
spurious, as in `$x}$'. But perhaps the } is legitimate and
you forgot something else, as in `\hbox{$x}'. In such cases
the way to recover is to insert both the forgotten and the
deleted material, e.g., by typing `I$}'.

c:/Users/freddy/Documents/GitHub/Fred-Stock.github.io/pubdata/template/cv_template.tex:148: Missing } inserted.
<inserted text> 
                }
l.148     {}
            
I've put in what seems to be necessary to fix
the current column of the current alignment.
Try to go on, since this might almost work.

c:/Users/freddy/Documents/GitHub/Fred-Stock.github.io/pubdata/template/cv_template.tex:148: Extra }, or forgotten $.
<inserted text> }
                 
l.148     {}
            
I've deleted a group-closing symbol because it seems to be
spurious, as in `$x}$'. But perhaps the } is legitimate and
you forgot something else, as in `\hbox{$x}'. In such cases
the way to recover is to insert both the forgotten and the
deleted material, e.g., by typing `I$}'.

c:/Users/freddy/Documents/GitHub/Fred-Stock.github.io/pubdata/template/cv_template.tex:148: Missing } inserted.
<inserted text> 
                }
l.148     {}
            
I've put in what seems to be necessary to fix
the current column of the current alignment.
Try to go on, since this might almost work.

c:/Users/freddy/Documents/GitHub/Fred-Stock.github.io/pubdata/template/cv_template.tex:148: Extra }, or forgotten $.
<inserted text> }
                 
l.148     {}
            
I've deleted a group-closing symbol because it seems to be
spurious, as in `$x}$'. But perhaps the } is legitimate and
you forgot something else, as in `\hbox{$x}'. In such cases
the way to recover is to insert both the forgotten and the
deleted material, e.g., by typing `I$}'.

c:/Users/freddy/Documents/GitHub/Fred-Stock.github.io/pubdata/template/cv_template.tex:148: Missing } inserted.
<inserted text> 
                }
l.148     {}
            
I've put in what seems to be necessary to fix
the current column of the current alignment.
Try to go on, since this might almost work.

c:/Users/freddy/Documents/GitHub/Fred-Stock.github.io/pubdata/template/cv_template.tex:148: Extra }, or forgotten $.
<inserted text> }
                 
l.148     {}
            
I've deleted a group-closing symbol because it seems to be
spurious, as in `$x}$'. But perhaps the } is legitimate and
you forgot something else, as in `\hbox{$x}'. In such cases
the way to recover is to insert both the forgotten and the
deleted material, e.g., by typing `I$}'.

c:/Users/freddy/Documents/GitHub/Fred-Stock.github.io/pubdata/template/cv_template.tex:148: Missing } inserted.
<inserted text> 
                }
l.148     {}
            
I've put in what seems to be necessary to fix
the current column of the current alignment.
Try to go on, since this might almost work.

c:/Users/freddy/Documents/GitHub/Fred-Stock.github.io/pubdata/template/cv_template.tex:148: Extra }, or forgotten $.
<inserted text> }
                 
l.148     {}
            
I've deleted a group-closing symbol because it seems to be
spurious, as in `$x}$'. But perhaps the } is legitimate and
you forgot something else, as in `\hbox{$x}'. In such cases
the way to recover is to insert both the forgotten and the
deleted material, e.g., by typing `I$}'.

c:/Users/freddy/Documents/GitHub/Fred-Stock.github.io/pubdata/template/cv_template.tex:148: Missing } inserted.
<inserted text> 
                }
l.148     {}
            
I've put in what seems to be necessary to fix
the current column of the current alignment.
Try to go on, since this might almost work.

c:/Users/freddy/Documents/GitHub/Fred-Stock.github.io/pubdata/template/cv_template.tex:148: Extra }, or forgotten $.
<inserted text> }
                 
l.148     {}
            
I've deleted a group-closing symbol because it seems to be
spurious, as in `$x}$'. But perhaps the } is legitimate and
you forgot something else, as in `\hbox{$x}'. In such cases
the way to recover is to insert both the forgotten and the
deleted material, e.g., by typing `I$}'.

c:/Users/freddy/Documents/GitHub/Fred-Stock.github.io/pubdata/template/cv_template.tex:148: Missing } inserted.
<inserted text> 
                }
l.148     {}
            
I've put in what seems to be necessary to fix
the current column of the current alignment.
Try to go on, since this might almost work.

c:/Users/freddy/Documents/GitHub/Fred-Stock.github.io/pubdata/template/cv_template.tex:148: Extra }, or forgotten $.
<inserted text> }
                 
l.148     {}
            
I've deleted a group-closing symbol because it seems to be
spurious, as in `$x}$'. But perhaps the } is legitimate and
you forgot something else, as in `\hbox{$x}'. In such cases
the way to recover is to insert both the forgotten and the
deleted material, e.g., by typing `I$}'.

c:/Users/freddy/Documents/GitHub/Fred-Stock.github.io/pubdata/template/cv_template.tex:148: Missing } inserted.
<inserted text> 
                }
l.148     {}
            
I've put in what seems to be necessary to fix
the current column of the current alignment.
Try to go on, since this might almost work.

c:/Users/freddy/Documents/GitHub/Fred-Stock.github.io/pubdata/template/cv_template.tex:148: Extra }, or forgotten $.
<inserted text> }
                 
l.148     {}
            
I've deleted a group-closing symbol because it seems to be
spurious, as in `$x}$'. But perhaps the } is legitimate and
you forgot something else, as in `\hbox{$x}'. In such cases
the way to recover is to insert both the forgotten and the
deleted material, e.g., by typing `I$}'.

c:/Users/freddy/Documents/GitHub/Fred-Stock.github.io/pubdata/template/cv_template.tex:148: Missing } inserted.
<inserted text> 
                }
l.148     {}
            
I've put in what seems to be necessary to fix
the current column of the current alignment.
Try to go on, since this might almost work.

c:/Users/freddy/Documents/GitHub/Fred-Stock.github.io/pubdata/template/cv_template.tex:148: Extra }, or forgotten $.
<inserted text> }
                 
l.148     {}
            
I've deleted a group-closing symbol because it seems to be
spurious, as in `$x}$'. But perhaps the } is legitimate and
you forgot something else, as in `\hbox{$x}'. In such cases
the way to recover is to insert both the forgotten and the
deleted material, e.g., by typing `I$}'.

c:/Users/freddy/Documents/GitHub/Fred-Stock.github.io/pubdata/template/cv_template.tex:148: Missing } inserted.
<inserted text> 
                }
l.148     {}
            
I've put in what seems to be necessary to fix
the current column of the current alignment.
Try to go on, since this might almost work.

c:/Users/freddy/Documents/GitHub/Fred-Stock.github.io/pubdata/template/cv_template.tex:148: Extra }, or forgotten $.
<inserted text> }
                 
l.148     {}
            
I've deleted a group-closing symbol because it seems to be
spurious, as in `$x}$'. But perhaps the } is legitimate and
you forgot something else, as in `\hbox{$x}'. In such cases
the way to recover is to insert both the forgotten and the
deleted material, e.g., by typing `I$}'.

c:/Users/freddy/Documents/GitHub/Fred-Stock.github.io/pubdata/template/cv_template.tex:148: Missing } inserted.
<inserted text> 
                }
l.148     {}
            
I've put in what seems to be necessary to fix
the current column of the current alignment.
Try to go on, since this might almost work.

c:/Users/freddy/Documents/GitHub/Fred-Stock.github.io/pubdata/template/cv_template.tex:148: Extra }, or forgotten $.
<inserted text> }
                 
l.148     {}
            
I've deleted a group-closing symbol because it seems to be
spurious, as in `$x}$'. But perhaps the } is legitimate and
you forgot something else, as in `\hbox{$x}'. In such cases
the way to recover is to insert both the forgotten and the
deleted material, e.g., by typing `I$}'.

c:/Users/freddy/Documents/GitHub/Fred-Stock.github.io/pubdata/template/cv_template.tex:148: Missing } inserted.
<inserted text> 
                }
l.148     {}
            
I've put in what seems to be necessary to fix
the current column of the current alignment.
Try to go on, since this might almost work.

c:/Users/freddy/Documents/GitHub/Fred-Stock.github.io/pubdata/template/cv_template.tex:148: Extra }, or forgotten $.
<inserted text> }
                 
l.148     {}
            
I've deleted a group-closing symbol because it seems to be
spurious, as in `$x}$'. But perhaps the } is legitimate and
you forgot something else, as in `\hbox{$x}'. In such cases
the way to recover is to insert both the forgotten and the
deleted material, e.g., by typing `I$}'.

c:/Users/freddy/Documents/GitHub/Fred-Stock.github.io/pubdata/template/cv_template.tex:148: Missing } inserted.
<inserted text> 
                }
l.148     {}
            
I've put in what seems to be necessary to fix
the current column of the current alignment.
Try to go on, since this might almost work.

c:/Users/freddy/Documents/GitHub/Fred-Stock.github.io/pubdata/template/cv_template.tex:148: Extra }, or forgotten $.
<inserted text> }
                 
l.148     {}
            
I've deleted a group-closing symbol because it seems to be
spurious, as in `$x}$'. But perhaps the } is legitimate and
you forgot something else, as in `\hbox{$x}'. In such cases
the way to recover is to insert both the forgotten and the
deleted material, e.g., by typing `I$}'.

c:/Users/freddy/Documents/GitHub/Fred-Stock.github.io/pubdata/template/cv_template.tex:148: Missing } inserted.
<inserted text> 
                }
l.148     {}
            
I've put in what seems to be necessary to fix
the current column of the current alignment.
Try to go on, since this might almost work.

c:/Users/freddy/Documents/GitHub/Fred-Stock.github.io/pubdata/template/cv_template.tex:148: Extra }, or forgotten $.
<inserted text> }
                 
l.148     {}
            
I've deleted a group-closing symbol because it seems to be
spurious, as in `$x}$'. But perhaps the } is legitimate and
you forgot something else, as in `\hbox{$x}'. In such cases
the way to recover is to insert both the forgotten and the
deleted material, e.g., by typing `I$}'.

c:/Users/freddy/Documents/GitHub/Fred-Stock.github.io/pubdata/template/cv_template.tex:148: Missing } inserted.
<inserted text> 
                }
l.148     {}
            
I've put in what seems to be necessary to fix
the current column of the current alignment.
Try to go on, since this might almost work.

c:/Users/freddy/Documents/GitHub/Fred-Stock.github.io/pubdata/template/cv_template.tex:148: Extra }, or forgotten $.
<inserted text> }
                 
l.148     {}
            
I've deleted a group-closing symbol because it seems to be
spurious, as in `$x}$'. But perhaps the } is legitimate and
you forgot something else, as in `\hbox{$x}'. In such cases
the way to recover is to insert both the forgotten and the
deleted material, e.g., by typing `I$}'.

c:/Users/freddy/Documents/GitHub/Fred-Stock.github.io/pubdata/template/cv_template.tex:148: Missing } inserted.
<inserted text> 
                }
l.148     {}
            
I've put in what seems to be necessary to fix
the current column of the current alignment.
Try to go on, since this might almost work.

c:/Users/freddy/Documents/GitHub/Fred-Stock.github.io/pubdata/template/cv_template.tex:148: Extra }, or forgotten $.
<inserted text> }
                 
l.148     {}
            
I've deleted a group-closing symbol because it seems to be
spurious, as in `$x}$'. But perhaps the } is legitimate and
you forgot something else, as in `\hbox{$x}'. In such cases
the way to recover is to insert both the forgotten and the
deleted material, e.g., by typing `I$}'.

c:/Users/freddy/Documents/GitHub/Fred-Stock.github.io/pubdata/template/cv_template.tex:148: Missing } inserted.
<inserted text> 
                }
l.148     {}
            
I've put in what seems to be necessary to fix
the current column of the current alignment.
Try to go on, since this might almost work.

c:/Users/freddy/Documents/GitHub/Fred-Stock.github.io/pubdata/template/cv_template.tex:148: Extra }, or forgotten $.
<inserted text> }
                 
l.148     {}
            
I've deleted a group-closing symbol because it seems to be
spurious, as in `$x}$'. But perhaps the } is legitimate and
you forgot something else, as in `\hbox{$x}'. In such cases
the way to recover is to insert both the forgotten and the
deleted material, e.g., by typing `I$}'.

c:/Users/freddy/Documents/GitHub/Fred-Stock.github.io/pubdata/template/cv_template.tex:148: Missing } inserted.
<inserted text> 
                }
l.148     {}
            
I've put in what seems to be necessary to fix
the current column of the current alignment.
Try to go on, since this might almost work.

c:/Users/freddy/Documents/GitHub/Fred-Stock.github.io/pubdata/template/cv_template.tex:148: Extra }, or forgotten $.
<inserted text> }
                 
l.148     {}
            
I've deleted a group-closing symbol because it seems to be
spurious, as in `$x}$'. But perhaps the } is legitimate and
you forgot something else, as in `\hbox{$x}'. In such cases
the way to recover is to insert both the forgotten and the
deleted material, e.g., by typing `I$}'.

c:/Users/freddy/Documents/GitHub/Fred-Stock.github.io/pubdata/template/cv_template.tex:148: Missing } inserted.
<inserted text> 
                }
l.148     {}
            
I've put in what seems to be necessary to fix
the current column of the current alignment.
Try to go on, since this might almost work.

c:/Users/freddy/Documents/GitHub/Fred-Stock.github.io/pubdata/template/cv_template.tex:148: Extra }, or forgotten $.
<inserted text> }
                 
l.148     {}
            
I've deleted a group-closing symbol because it seems to be
spurious, as in `$x}$'. But perhaps the } is legitimate and
you forgot something else, as in `\hbox{$x}'. In such cases
the way to recover is to insert both the forgotten and the
deleted material, e.g., by typing `I$}'.

c:/Users/freddy/Documents/GitHub/Fred-Stock.github.io/pubdata/template/cv_template.tex:148: Missing } inserted.
<inserted text> 
                }
l.148     {}
            
I've put in what seems to be necessary to fix
the current column of the current alignment.
Try to go on, since this might almost work.

c:/Users/freddy/Documents/GitHub/Fred-Stock.github.io/pubdata/template/cv_template.tex:148: Extra }, or forgotten $.
<inserted text> }
                 
l.148     {}
            
I've deleted a group-closing symbol because it seems to be
spurious, as in `$x}$'. But perhaps the } is legitimate and
you forgot something else, as in `\hbox{$x}'. In such cases
the way to recover is to insert both the forgotten and the
deleted material, e.g., by typing `I$}'.

c:/Users/freddy/Documents/GitHub/Fred-Stock.github.io/pubdata/template/cv_template.tex:148: Missing } inserted.
<inserted text> 
                }
l.148     {}
            
I've put in what seems to be necessary to fix
the current column of the current alignment.
Try to go on, since this might almost work.

c:/Users/freddy/Documents/GitHub/Fred-Stock.github.io/pubdata/template/cv_template.tex:148: Extra }, or forgotten $.
<inserted text> }
                 
l.148     {}
            
(That makes 100 errors; please try again.) 
Here is how much of TeX's memory you used:
 12641 strings out of 467800
 216466 string characters out of 5436061
 607008 words of memory out of 5000000
 41176 multiletter control sequences out of 15000+600000
 635032 words of font info for 72 fonts, out of 8000000 for 9000
 1141 hyphenation exceptions out of 8191
 75i,9n,79p,406b,401s stack positions out of 10000i,1000n,20000p,200000b,200000s

c:/Users/freddy/Documents/GitHub/Fred-Stock.github.io/pubdata/template/cv_template.tex:148:  ==> Fatal error occurred, no output PDF file produced!
